<?xml version="1.0" encoding="UTF-8"?>
<testng-results ignored="0" total="1" passed="1" failed="0" skipped="0">
  <reporter-output>
  </reporter-output>
  <suite started-at="2025-04-19T19:35:02 IST" name="Default suite" finished-at="2025-04-19T19:35:08 IST" duration-ms="6024">
    <groups>
    </groups>
    <test started-at="2025-04-19T19:35:02 IST" name="Default test" finished-at="2025-04-19T19:35:08 IST" duration-ms="6024">
      <class name="testCases.TC_002_VerifyLogin">
        <test-method is-config="true" signature="setup()[pri:0, instance:testCases.TC_002_VerifyLogin@3a52dba3]" started-at="2025-04-19T19:35:02 IST" name="setup" finished-at="2025-04-19T19:35:06 IST" duration-ms="3452" status="PASS">
          <reporter-output>
          </reporter-output>
        </test-method> <!-- setup -->
        <test-method signature="Loginverification()[pri:0, instance:testCases.TC_002_VerifyLogin@3a52dba3]" started-at="2025-04-19T19:35:06 IST" name="Loginverification" finished-at="2025-04-19T19:35:08 IST" duration-ms="2255" status="PASS">
          <reporter-output>
          </reporter-output>
        </test-method> <!-- Loginverification -->
        <test-method is-config="true" signature="TearDown()[pri:0, instance:testCases.TC_002_VerifyLogin@3a52dba3]" started-at="2025-04-19T19:35:08 IST" name="TearDown" finished-at="2025-04-19T19:35:08 IST" duration-ms="274" status="PASS">
          <reporter-output>
          </reporter-output>
        </test-method> <!-- TearDown -->
      </class> <!-- testCases.TC_002_VerifyLogin -->
    </test> <!-- Default test -->
  </suite> <!-- Default suite -->
</testng-results>
